GO111MODULE="on"
GOARCH="amd64"
GOBIN="/Users/zach/go/bin"
GOCACHE="/Users/zach/Library/Caches/go-build"
GOENV="/Users/zach/Library/Application Support/go/env"
GOEXE=""
GOFLAGS=""
GOHOSTARCH="amd64"
GOHOSTOS="darwin"
GONOPROXY=""
GONOSUMDB=""
GOOS="darwin"
GOPATH="/Users/zach/go"
GOPRIVATE=""
GOPROXY="https://proxy.golang.org,direct"
GOROOT="/usr/local/Cellar/go/1.13.4/libexec"
GOSUMDB="sum.golang.org"
GOTMPDIR=""
GOTOOLDIR="/usr/local/Cellar/go/1.13.4/libexec/pkg/tool/darwin_amd64"
GCCGO="gccgo"
AR="ar"
CC="clang"
CXX="clang++"
CGO_ENABLED="1"
GOMOD="/Users/zach/Desktop/testing-modules/go.mod"
CGO_CFLAGS="-g -O2"
CGO_CPPFLAGS=""
CGO_CXXFLAGS="-g -O2"
CGO_FFLAGS="-g -O2"
CGO_LDFLAGS="-g -O2"
PKG_CONFIG="pkg-config"
GOGCCFLAGS="-fPIC -m64 -pthread -fno-caret-diagnostics -Qunused-arguments -fmessage-length=0 -fdebug-prefix-map=/var/folders/zs/cwh5fgcj4xvdm3_kj89j5sj40000gn/T/go-build028001548=/tmp/go-build -gno-record-gcc-switches -fno-common"
